<?xml version="1.0" encoding="UTF-8"?>
<!-- Generated by org.testng.reporters.JUnitReportReporter -->
<testsuite hostname="VINYA" failures="0" tests="1" name="Sample_Test_Report.Workin_With_Extent_Report" time="8.279" errors="0" timestamp="2022-11-22T18:16:31 IST" skipped="0">
  <testcase classname="Sample_Test_Report.Workin_With_Extent_Report" name="ReportDemo" time="8.279"/>
  <system-out/>
</testsuite> <!-- Sample_Test_Report.Workin_With_Extent_Report -->
